{"/home/meneal/Documents/gits/test/maze/mazeModel.js":{"path":"/home/meneal/Documents/gits/test/maze/mazeModel.js","s":{"1":1,"2":1,"3":0,"4":0,"5":0,"6":0,"7":0,"8":0,"9":0,"10":0,"11":0,"12":0,"13":0,"14":0,"15":0,"16":0,"17":0,"18":0,"19":0,"20":0,"21":0,"22":0,"23":0,"24":0,"25":0,"26":0,"27":0,"28":0,"29":0,"30":0,"31":0,"32":0,"33":0,"34":0,"35":0,"36":0,"37":0,"38":0,"39":0,"40":0,"41":0,"42":0,"43":0,"44":0,"45":0,"46":0,"47":0,"48":0,"49":0,"50":0,"51":0,"52":0,"53":0,"54":0,"55":0,"56":0,"57":0,"58":0,"59":0,"60":0,"61":0,"62":0,"63":0,"64":0,"65":0,"66":0,"67":0,"68":0,"69":0,"70":0,"71":0},"b":{"1":[1,0],"2":[0,0],"3":[0,0],"4":[0,0],"5":[0,0],"6":[0,0],"7":[0,0],"8":[0,0],"9":[0,0,0],"10":[0,0],"11":[0,0,0],"12":[0,0],"13":[0,0,0],"14":[0,0],"15":[0,0,0],"16":[0,0],"17":[0,0],"18":[0,0],"19":[0,0],"20":[0,0],"21":[0,0],"22":[0,0],"23":[0,0],"24":[0,0],"25":[0,0],"26":[0,0,0,0],"27":[0,0],"28":[0,0]},"f":{"1":0,"2":0,"3":0,"4":0,"5":0,"6":0,"7":0,"8":0,"9":0,"10":0},"fnMap":{"1":{"name":"(anonymous_1)","line":12,"loc":{"start":{"line":12,"column":7},"end":{"line":12,"column":21}}},"2":{"name":"(anonymous_2)","line":50,"loc":{"start":{"line":50,"column":13},"end":{"line":50,"column":27}}},"3":{"name":"(anonymous_3)","line":52,"loc":{"start":{"line":52,"column":93},"end":{"line":52,"column":118}}},"4":{"name":"(anonymous_4)","line":59,"loc":{"start":{"line":59,"column":7},"end":{"line":59,"column":32}}},"5":{"name":"(anonymous_5)","line":60,"loc":{"start":{"line":60,"column":27},"end":{"line":60,"column":44}}},"6":{"name":"(anonymous_6)","line":76,"loc":{"start":{"line":76,"column":45},"end":{"line":76,"column":60}}},"7":{"name":"(anonymous_7)","line":101,"loc":{"start":{"line":101,"column":44},"end":{"line":101,"column":64}}},"8":{"name":"(anonymous_8)","line":125,"loc":{"start":{"line":125,"column":39},"end":{"line":125,"column":58}}},"9":{"name":"(anonymous_9)","line":132,"loc":{"start":{"line":132,"column":40},"end":{"line":132,"column":54}}},"10":{"name":"(anonymous_10)","line":154,"loc":{"start":{"line":154,"column":42},"end":{"line":154,"column":53}}}},"statementMap":{"1":{"start":{"line":3,"column":0},"end":{"line":4,"column":69}},"2":{"start":{"line":4,"column":4},"end":{"line":4,"column":69}},"3":{"start":{"line":7,"column":0},"end":{"line":7,"column":24}},"4":{"start":{"line":8,"column":0},"end":{"line":71,"column":2}},"5":{"start":{"line":16,"column":2},"end":{"line":16,"column":104}},"6":{"start":{"line":17,"column":2},"end":{"line":17,"column":108}},"7":{"start":{"line":20,"column":2},"end":{"line":20,"column":21}},"8":{"start":{"line":21,"column":2},"end":{"line":21,"column":43}},"9":{"start":{"line":22,"column":2},"end":{"line":22,"column":47}},"10":{"start":{"line":25,"column":2},"end":{"line":25,"column":23}},"11":{"start":{"line":39,"column":2},"end":{"line":39,"column":18}},"12":{"start":{"line":40,"column":2},"end":{"line":47,"column":3}},"13":{"start":{"line":42,"column":3},"end":{"line":42,"column":23}},"14":{"start":{"line":43,"column":3},"end":{"line":46,"column":4}},"15":{"start":{"line":45,"column":4},"end":{"line":45,"column":39}},"16":{"start":{"line":51,"column":2},"end":{"line":51,"column":17}},"17":{"start":{"line":52,"column":2},"end":{"line":54,"column":5}},"18":{"start":{"line":53,"column":3},"end":{"line":53,"column":31}},"19":{"start":{"line":55,"column":2},"end":{"line":55,"column":21}},"20":{"start":{"line":60,"column":2},"end":{"line":69,"column":5}},"21":{"start":{"line":61,"column":3},"end":{"line":61,"column":37}},"22":{"start":{"line":62,"column":3},"end":{"line":62,"column":27}},"23":{"start":{"line":63,"column":3},"end":{"line":63,"column":29}},"24":{"start":{"line":64,"column":3},"end":{"line":64,"column":27}},"25":{"start":{"line":65,"column":3},"end":{"line":65,"column":49}},"26":{"start":{"line":66,"column":3},"end":{"line":66,"column":23}},"27":{"start":{"line":67,"column":3},"end":{"line":67,"column":27}},"28":{"start":{"line":68,"column":3},"end":{"line":68,"column":14}},"29":{"start":{"line":76,"column":0},"end":{"line":95,"column":2}},"30":{"start":{"line":77,"column":1},"end":{"line":77,"column":13}},"31":{"start":{"line":78,"column":1},"end":{"line":81,"column":2}},"32":{"start":{"line":80,"column":2},"end":{"line":80,"column":27}},"33":{"start":{"line":82,"column":1},"end":{"line":85,"column":2}},"34":{"start":{"line":84,"column":2},"end":{"line":84,"column":27}},"35":{"start":{"line":86,"column":1},"end":{"line":89,"column":2}},"36":{"start":{"line":88,"column":2},"end":{"line":88,"column":27}},"37":{"start":{"line":90,"column":1},"end":{"line":93,"column":2}},"38":{"start":{"line":92,"column":2},"end":{"line":92,"column":27}},"39":{"start":{"line":94,"column":1},"end":{"line":94,"column":12}},"40":{"start":{"line":101,"column":0},"end":{"line":122,"column":2}},"41":{"start":{"line":102,"column":1},"end":{"line":106,"column":2}},"42":{"start":{"line":104,"column":2},"end":{"line":104,"column":42}},"43":{"start":{"line":105,"column":2},"end":{"line":105,"column":44}},"44":{"start":{"line":107,"column":1},"end":{"line":111,"column":2}},"45":{"start":{"line":109,"column":2},"end":{"line":109,"column":42}},"46":{"start":{"line":110,"column":2},"end":{"line":110,"column":44}},"47":{"start":{"line":112,"column":1},"end":{"line":116,"column":2}},"48":{"start":{"line":114,"column":2},"end":{"line":114,"column":42}},"49":{"start":{"line":115,"column":2},"end":{"line":115,"column":44}},"50":{"start":{"line":117,"column":1},"end":{"line":121,"column":2}},"51":{"start":{"line":119,"column":2},"end":{"line":119,"column":42}},"52":{"start":{"line":120,"column":2},"end":{"line":120,"column":44}},"53":{"start":{"line":125,"column":0},"end":{"line":129,"column":2}},"54":{"start":{"line":127,"column":1},"end":{"line":127,"column":44}},"55":{"start":{"line":132,"column":0},"end":{"line":151,"column":2}},"56":{"start":{"line":133,"column":1},"end":{"line":133,"column":98}},"57":{"start":{"line":134,"column":1},"end":{"line":149,"column":2}},"58":{"start":{"line":135,"column":2},"end":{"line":148,"column":3}},"59":{"start":{"line":137,"column":4},"end":{"line":137,"column":23}},"60":{"start":{"line":138,"column":4},"end":{"line":138,"column":10}},"61":{"start":{"line":140,"column":4},"end":{"line":140,"column":23}},"62":{"start":{"line":141,"column":4},"end":{"line":141,"column":10}},"63":{"start":{"line":143,"column":4},"end":{"line":143,"column":23}},"64":{"start":{"line":144,"column":4},"end":{"line":144,"column":10}},"65":{"start":{"line":146,"column":4},"end":{"line":146,"column":23}},"66":{"start":{"line":147,"column":4},"end":{"line":147,"column":10}},"67":{"start":{"line":150,"column":1},"end":{"line":150,"column":14}},"68":{"start":{"line":154,"column":0},"end":{"line":156,"column":2}},"69":{"start":{"line":155,"column":1},"end":{"line":155,"column":77}},"70":{"start":{"line":158,"column":0},"end":{"line":158,"column":67}},"71":{"start":{"line":158,"column":37},"end":{"line":158,"column":66}}},"branchMap":{"1":{"line":3,"type":"if","locations":[{"start":{"line":3,"column":0},"end":{"line":3,"column":0}},{"start":{"line":3,"column":0},"end":{"line":3,"column":0}}]},"2":{"line":7,"type":"binary-expr","locations":[{"start":{"line":7,"column":12},"end":{"line":7,"column":17}},{"start":{"line":7,"column":21},"end":{"line":7,"column":23}}]},"3":{"line":16,"type":"cond-expr","locations":[{"start":{"line":16,"column":44},"end":{"line":16,"column":79}},{"start":{"line":16,"column":82},"end":{"line":16,"column":103}}]},"4":{"line":16,"type":"binary-expr","locations":[{"start":{"line":16,"column":44},"end":{"line":16,"column":54}},{"start":{"line":16,"column":58},"end":{"line":16,"column":79}}]},"5":{"line":17,"type":"cond-expr","locations":[{"start":{"line":17,"column":45},"end":{"line":17,"column":82}},{"start":{"line":17,"column":85},"end":{"line":17,"column":107}}]},"6":{"line":17,"type":"binary-expr","locations":[{"start":{"line":17,"column":45},"end":{"line":17,"column":56}},{"start":{"line":17,"column":60},"end":{"line":17,"column":82}}]},"7":{"line":53,"type":"cond-expr","locations":[{"start":{"line":53,"column":25},"end":{"line":53,"column":26}},{"start":{"line":53,"column":29},"end":{"line":53,"column":30}}]},"8":{"line":78,"type":"if","locations":[{"start":{"line":78,"column":1},"end":{"line":78,"column":1}},{"start":{"line":78,"column":1},"end":{"line":78,"column":1}}]},"9":{"line":78,"type":"binary-expr","locations":[{"start":{"line":78,"column":4},"end":{"line":78,"column":12}},{"start":{"line":78,"column":17},"end":{"line":78,"column":55}},{"start":{"line":78,"column":61},"end":{"line":78,"column":101}}]},"10":{"line":82,"type":"if","locations":[{"start":{"line":82,"column":1},"end":{"line":82,"column":1}},{"start":{"line":82,"column":1},"end":{"line":82,"column":1}}]},"11":{"line":82,"type":"binary-expr","locations":[{"start":{"line":82,"column":4},"end":{"line":82,"column":21}},{"start":{"line":82,"column":26},"end":{"line":82,"column":64}},{"start":{"line":82,"column":70},"end":{"line":82,"column":110}}]},"12":{"line":86,"type":"if","locations":[{"start":{"line":86,"column":1},"end":{"line":86,"column":1}},{"start":{"line":86,"column":1},"end":{"line":86,"column":1}}]},"13":{"line":86,"type":"binary-expr","locations":[{"start":{"line":86,"column":4},"end":{"line":86,"column":12}},{"start":{"line":86,"column":17},"end":{"line":86,"column":55}},{"start":{"line":86,"column":61},"end":{"line":86,"column":101}}]},"14":{"line":90,"type":"if","locations":[{"start":{"line":90,"column":1},"end":{"line":90,"column":1}},{"start":{"line":90,"column":1},"end":{"line":90,"column":1}}]},"15":{"line":90,"type":"binary-expr","locations":[{"start":{"line":90,"column":4},"end":{"line":90,"column":20}},{"start":{"line":90,"column":25},"end":{"line":90,"column":63}},{"start":{"line":90,"column":69},"end":{"line":90,"column":109}}]},"16":{"line":102,"type":"if","locations":[{"start":{"line":102,"column":1},"end":{"line":102,"column":1}},{"start":{"line":102,"column":1},"end":{"line":102,"column":1}}]},"17":{"line":102,"type":"binary-expr","locations":[{"start":{"line":102,"column":5},"end":{"line":102,"column":30}},{"start":{"line":102,"column":35},"end":{"line":102,"column":43}}]},"18":{"line":107,"type":"if","locations":[{"start":{"line":107,"column":1},"end":{"line":107,"column":1}},{"start":{"line":107,"column":1},"end":{"line":107,"column":1}}]},"19":{"line":107,"type":"binary-expr","locations":[{"start":{"line":107,"column":5},"end":{"line":107,"column":30}},{"start":{"line":107,"column":35},"end":{"line":107,"column":51}}]},"20":{"line":112,"type":"if","locations":[{"start":{"line":112,"column":1},"end":{"line":112,"column":1}},{"start":{"line":112,"column":1},"end":{"line":112,"column":1}}]},"21":{"line":112,"type":"binary-expr","locations":[{"start":{"line":112,"column":5},"end":{"line":112,"column":30}},{"start":{"line":112,"column":35},"end":{"line":112,"column":52}}]},"22":{"line":117,"type":"if","locations":[{"start":{"line":117,"column":1},"end":{"line":117,"column":1}},{"start":{"line":117,"column":1},"end":{"line":117,"column":1}}]},"23":{"line":117,"type":"binary-expr","locations":[{"start":{"line":117,"column":5},"end":{"line":117,"column":30}},{"start":{"line":117,"column":35},"end":{"line":117,"column":43}}]},"24":{"line":133,"type":"binary-expr","locations":[{"start":{"line":133,"column":13},"end":{"line":133,"column":40}},{"start":{"line":133,"column":44},"end":{"line":133,"column":97}}]},"25":{"line":134,"type":"if","locations":[{"start":{"line":134,"column":1},"end":{"line":134,"column":1}},{"start":{"line":134,"column":1},"end":{"line":134,"column":1}}]},"26":{"line":135,"type":"switch","locations":[{"start":{"line":136,"column":3},"end":{"line":138,"column":10}},{"start":{"line":139,"column":3},"end":{"line":141,"column":10}},{"start":{"line":142,"column":3},"end":{"line":144,"column":10}},{"start":{"line":145,"column":3},"end":{"line":147,"column":10}}]},"27":{"line":155,"type":"binary-expr","locations":[{"start":{"line":155,"column":9},"end":{"line":155,"column":39}},{"start":{"line":155,"column":45},"end":{"line":155,"column":75}}]},"28":{"line":158,"type":"if","locations":[{"start":{"line":158,"column":0},"end":{"line":158,"column":0}},{"start":{"line":158,"column":0},"end":{"line":158,"column":0}}]}}}}